make.exe all -f c:\Users\Danie\OneDrive\Dokumenty\GitHub\MTO-Tasks\lab6 --print-data-base --no-builtin-variables --no-builtin-rules --question
# GNU Make 3.82.90
# Built for i686-pc-mingw32
# Copyright (C) 1988-2012 Free Software Foundation, Inc.
# License GPLv3+: GNU GPL version 3 or later <http://gnu.org/licenses/gpl.html>
# This is free software: you are free to change and redistribute it.
# There is NO WARRANTY, to the extent permitted by law.
 
make.exe: c:\Users\Danie\OneDrive\Dokumenty\GitHub\MTO-Tasks\lab6: Permission denied
make.exe: *** No rule to make target 'all'.  Stop.


# Make data base, printed on Sun Dec 18 13:31:51 2022

# Variables

# automatic
<D = $(patsubst %/,%,$(patsubst %\,%,$(dir $<)))
# automatic
?F = $(notdir $?)
# default
.SHELLFLAGS := -c
# makefile
MAKEFLAGS = Rrqp
# automatic
?D = $(patsubst %/,%,$(patsubst %\,%,$(dir $?)))
# automatic
@D = $(patsubst %/,%,$(patsubst %\,%,$(dir $@)))
# environment
HOMEDRIVE = C:
# automatic
@F = $(notdir $@)
# automatic
^D = $(patsubst %/,%,$(patsubst %\,%,$(dir $^)))
# makefile
CURDIR := c:/Users/Danie/OneDrive/Dokumenty/GitHub/MTO-Tasks
# default
SHELL := sh.exe
# environment
WINDIR = C:\WINDOWS
# environment
VSCODE_NLS_CONFIG = {"locale":"en-us","availableLanguages":{},"_languagePackSupport":true}
# environment
ONEDRIVE = C:\Users\Danie\OneDrive
# environment
MAVEN_HOME = C:\Maven\apache-maven-3.8.6
# environment
PATHEXT = .COM;.EXE;.BAT;.CMD;.VBS;.VBE;.JS;.JSE;.WSF;.WSH;.MSC
# makefile
MAKEFILE_LIST := 
# environment
TMP = C:\Users\Danie\AppData\Local\Temp
# environment
PROGRAMW6432 = C:\Program Files
# environment
PROGRAMDATA = C:\ProgramData
# environment
VSCODE_CWD = C:\Users\Danie\AppData\Local\GitHubDesktop\app-3.1.2
# environment
PATH = C:\Program Files\Common Files\Oracle\Java\javapath;C:\Program Files (x86)\Common Files\Oracle\Java\javapath;C:\WINDOWS\system32;C:\WINDOWS;C:\WINDOWS\System32\Wbem;C:\WINDOWS\System32\WindowsPowerShell\v1.0\;C:\WINDOWS\System32\OpenSSH\;C:\Program Files\Docker\Docker\resources\bin;C:\Program Files\Git\cmd;C:\MinGW\bin;C:\jdk-19.0.1\bin;C:\Maven\apache-maven-3.8.6\bin;C:\Users\Danie\AppData\Local\Microsoft\WindowsApps;C:\Users\Danie\AppData\Local\Programs\Microsoft VS Code\bin;C:\Users\Danie\AppData\Local\GitHubDesktop\bin
# environment
COMMONPROGRAMW6432 = C:\Program Files\Common Files
# environment
ZES_ENABLE_SYSMAN = 1
# environment
LC_ALL = C
# environment
PROCESSOR_ARCHITECTURE = x86
# environment
USERPROFILE = C:\Users\Danie
# environment
ALLUSERSPROFILE = C:\ProgramData
# environment
NUMBER_OF_PROCESSORS = 20
# environment
ELECTRON_RUN_AS_NODE = 1
# default
.FEATURES := target-specific order-only second-expansion else-if shortest-stem undefine oneshell archives jobserver
# automatic
%F = $(notdir $%)
# environment
CHROME_CRASHPAD_PIPE_NAME = \\.\pipe\LOCAL\crashpad_6152_TXFFJOGYIPITNGYT
# environment
COMPUTERNAME = ZENEK
# environment
PROGRAMFILES = C:\Program Files (x86)
# environment
DRIVERDATA = C:\Windows\System32\Drivers\DriverData
# environment
ORIGINAL_XDG_CURRENT_DESKTOP = undefined
# environment
USERNAME = Danie
# environment
PUBLIC = C:\Users\Public
# environment
VSCODE_AMD_ENTRYPOINT = vs/workbench/api/node/extensionHostProcess
# environment
VSCODE_CLI = 1
# environment
VSCODE_CODE_CACHE_PATH = C:\Users\Danie\AppData\Roaming\Code\CachedData\1ad8d514439d5077d2b0b7ee64d2ce82a9308e5a
# environment
APPLICATION_INSIGHTS_NO_DIAGNOSTIC_CHANNEL = 1
# environment
COMMONPROGRAMFILES = C:\Program Files (x86)\Common Files
# environment
LOGONSERVER = \\ZENEK
# environment
ONEDRIVECONSUMER = C:\Users\Danie\OneDrive
# environment
VSCODE_HANDLES_UNCAUGHT_ERRORS = true
# environment
USERDOMAIN = ZENEK
# environment
MAKELEVEL := 0
# default
MAKE = $(MAKE_COMMAND)
# default
MAKECMDGOALS := all
# environment
LOCAL_GIT_DIRECTORY = C:\Users\Danie\AppData\Local\GitHubDesktop\app-3.1.2\resources\app\git
# environment
JAVA_HOME = C:\jdk-19.0.1
# default
MAKE_VERSION := 3.82.90
# makefile
.DEFAULT_GOAL := 
# environment
PROGRAMFILES(X86) = C:\Program Files (x86)
# automatic
%D = $(patsubst %/,%,$(patsubst %\,%,$(dir $%)))
# environment
LOCALAPPDATA = C:\Users\Danie\AppData\Local
# environment
PSMODULEPATH = C:\Program Files\WindowsPowerShell\Modules;C:\WINDOWS\system32\WindowsPowerShell\v1.0\Modules
# default
MAKE_COMMAND := make.exe
# environment
PROCESSOR_ARCHITEW6432 = AMD64
# default
.VARIABLES := 
# automatic
*F = $(notdir $*)
# environment
PROCESSOR_IDENTIFIER = Intel64 Family 6 Model 154 Stepping 3, GenuineIntel
# environment
OS = Windows_NT
# environment
VSCODE_IPC_HOOK = \\.\pipe\2303589477d33bf3fea521c11708a9c8-1.74.1-main-sock
# environment
HOMEPATH = \Users\Danie
# environment
COMMONPROGRAMFILES(X86) = C:\Program Files (x86)\Common Files
# environment
PROMPT = $P$G
# environment
MFLAGS = -Rrqp
# automatic
*D = $(patsubst %/,%,$(patsubst %\,%,$(dir $*)))
# environment
SYSTEMROOT = C:\WINDOWS
# automatic
+D = $(patsubst %/,%,$(patsubst %\,%,$(dir $+)))
# automatic
+F = $(notdir $+)
# environment
APPDATA = C:\Users\Danie\AppData\Roaming
# environment
TEMP = C:\Users\Danie\AppData\Local\Temp
# environment
COMSPEC = C:\WINDOWS\system32\cmd.exe
# default
MAKEFILES := 
# automatic
<F = $(notdir $<)
# environment
ELECTRON_NO_ATTACH_CONSOLE = 1
# automatic
^F = $(notdir $^)
# default
SUFFIXES := 
# environment
SYSTEMDRIVE = C:
# environment
SESSIONNAME = Console
# environment
PROCESSOR_REVISION = 9a03
# default
.RECIPEPREFIX := 
# environment
LANG = C
# environment
PROCESSOR_LEVEL = 6
# environment
VSCODE_PID = 6152
# environment
USERDOMAIN_ROAMINGPROFILE = ZENEK
# variable set hash-table stats:
# Load=90/1024=9%, Rehash=0, Collisions=13/105=12%

# Pattern-specific Variable Values

# No pattern-specific variable values.

# Directories

# C:\WINDOWS\System32\WindowsPowerShell\v1.0\ (key C:/WINDOWS/System32/WindowsPowerShell/v1.0/, mtime 1651914668): 29 files, no impossibilities.
# . (key c:/Users/Danie/OneDrive/Dokumenty/GitHub/MTO-Tasks, mtime 1671358452): 12 files, no impossibilities.
# C:\Program Files (x86)\Common Files\Oracle\Java\javapath (key C:/Program Files (x86)/Common Files/Oracle/Java/javapath, mtime 1665129960): 5 files, no impossibilities.
# C:\Users\Danie\AppData\Local\Microsoft\WindowsApps (key C:/Users/Danie/AppData/Local/Microsoft/WindowsApps, mtime 1671366215): 37 files, no impossibilities.
# C:\Program Files\Git\cmd (key C:/Program Files/Git/cmd, mtime 1668845258): 9 files, no impossibilities.
# C:\WINDOWS\System32\OpenSSH\: could not be stat'd.
# C:\MinGW\bin (key C:/MinGW/bin, mtime 1670754468): 7 files, no impossibilities.
# C:\jdk-19.0.1\bin (key C:/jdk-19.0.1/bin, mtime 1669466444): 125 files, no impossibilities.
# C:\Users\Danie\AppData\Local\GitHubDesktop\bin (key C:/Users/Danie/AppData/Local/GitHubDesktop/bin, mtime 1669570503): 4 files, no impossibilities.
# C:\WINDOWS (key C:/WINDOWS, mtime 1670989165): 117 files, no impossibilities.
# C:\Users\Danie\AppData\Local\Programs\Microsoft VS Code\bin (key C:/Users/Danie/AppData/Local/Programs/Microsoft VS Code/bin, mtime 1671146146): 5 files, no impossibilities.
# C:\Program Files\Docker\Docker\resources\bin (key C:/Program Files/Docker/Docker/resources/bin, mtime 1668698416): 14 files, no impossibilities.
# C:\WINDOWS\System32\Wbem (key C:/WINDOWS/System32/Wbem, mtime 1666206930): 155 files, no impossibilities.
# C:\Maven\apache-maven-3.8.6\bin (key C:/Maven/apache-maven-3.8.6/bin, mtime 1670768344): 8 files, no impossibilities.
# C:\Program Files\Common Files\Oracle\Java\javapath (key C:/Program Files/Common Files/Oracle/Java/javapath, mtime 1670768121): 6 files, no impossibilities.
# C:\WINDOWS\system32 (key C:/WINDOWS/system32, mtime 1671357522): 2789 files, no impossibilities.

# 3322 files, no impossibilities in 16 directories.

# Implicit Rules

# No implicit rules.

# Files

# Not a target:
all:
#  Command line target.
#  Implicit rule search has been done.
#  File does not exist.
#  File has not been updated.

# Not a target:
.SUFFIXES:
#  Implicit rule search has not been done.
#  Modification time never checked.
#  File has not been updated.

# Not a target:
c:\Users\Danie\OneDrive\Dokumenty\GitHub\MTO-Tasks\lab6:
#  Implicit rule search has been done.
#  Last modified 2022-12-11 10:28:44
#  File has been updated.
#  Successfully updated.

# Not a target:
.DEFAULT:
#  Implicit rule search has not been done.
#  Modification time never checked.
#  File has not been updated.

# files hash-table stats:
# Load=4/1024=0%, Rehash=0, Collisions=0/14=0%
# VPATH Search Paths

# No 'vpath' search paths.

# No general ('VPATH' variable) search path.

# strcache buffers: 7 (6) / strings = 3284 / storage = 50401 B / avg = 15 B
# current buf: size = 8174 B / used = 1414 B / count = 62 / avg = 22 B
# other used: total = 42227 B / count = 3222 / avg = 13 B
# other free: total = 57 B / max = 12 B / min = 6 B / avg = 9 B

# strcache performance: lookups = 3344 / hit rate = 1%
# hash-table stats:
# Load=3284/8192=40%, Rehash=0, Collisions=1048/3344=31%
# Finished Make data base on Sun Dec 18 13:31:51 2022

 
